heter_config_16_13_cpu_io.soc-LiveJournal_homo_16.eb.hash.part.reanalysis 1.005704 94.773809% 80884950.000000 102764.611578 1071659190.000000 80987714.611578
heter_config_16_13_cpu_io.soc-LiveJournal_homo_16.eb.ldg.part.pr10.reanalysis 1.000139 52.339495% 93148680.000000 193427.704836 1137586740.000000 93342100.915968
heter_config_16_13_cpu_io.soc-LiveJournal_homo_16.eb.ldg.part.reanalysis 1.000139 52.339495% 93148680.000000 193427.704836 1137586740.000000 93342100.915968
heter_config_2_13_cpu_io.soc-LiveJournal_homo_2.eb.hash.part.reanalysis 1.001449 53.049258% 120115830.000000 818638.897770 240178080.000000 120880888.897770
heter_config_2_13_cpu_io.soc-LiveJournal_homo_2.eb.ldg.part.pr10.reanalysis 1.000008 20.503985% 87862110.000000 1547413.224825 175724220.000000 89409523.224825
heter_config_2_13_cpu_io.soc-LiveJournal_homo_2.eb.ldg.part.reanalysis 1.000008 20.503985% 87862110.000000 1547413.224825 175724220.000000 89409523.224825
heter_config_26_110_io.soc-LiveJournal_homo_26.eb.hash.part.reanalysis 1.017008 96.872869% 169363600.000000 44273.625000 3345328270.000000 169407311.125000
heter_config_26_110_io.soc-LiveJournal_homo_26.eb.ldg.part.pr10.reanalysis 1.000173 54.533539% 211807500.000000 82420.450000 3618901680.000000 211889919.625000
heter_config_26_110_io.soc-LiveJournal_homo_26.eb.ldg.part.reanalysis 1.000173 54.533539% 211807500.000000 82420.450000 3618901680.000000 211889919.625000
heter_config_26_11_cpu1.soc-LiveJournal_homo_26.eb.hash.part.reanalysis 1.017008 96.872869% 1714710.000000 63138.097395 43858747.000000 1758983.625000
heter_config_26_11_cpu1.soc-LiveJournal_homo_26.eb.ldg.part.pr10.reanalysis 1.000173 54.533539% 2118075.000000 119051.394798 46736592.000000 2237125.203135
heter_config_26_11_cpu1.soc-LiveJournal_homo_26.eb.ldg.part.reanalysis 1.000173 54.533539% 2118075.000000 119051.394798 46736592.000000 2237125.203135
heter_config_26_11_cpu2.soc-LiveJournal_homo_26.eb.hash.part.reanalysis 1.017008 96.872869% 1714710.000000 139875.600000 43858747.000000 1833511.600000
heter_config_26_11_cpu2.soc-LiveJournal_homo_26.eb.ldg.part.pr10.reanalysis 1.000173 54.533539% 2118075.000000 263745.440000 46736592.000000 2381817.800000
heter_config_26_11_cpu2.soc-LiveJournal_homo_26.eb.ldg.part.reanalysis 1.000173 54.533539% 2118075.000000 263745.440000 46736592.000000 2381817.800000
heter_config_26_11_cpu3.soc-LiveJournal_homo_26.eb.hash.part.reanalysis 1.017008 96.872869% 1714710.000000 96164.475000 43858747.000000 1789800.475000
heter_config_26_11_cpu3.soc-LiveJournal_homo_26.eb.ldg.part.pr10.reanalysis 1.000173 54.533539% 2118075.000000 181324.990000 46736592.000000 2299398.175000
heter_config_26_11_cpu3.soc-LiveJournal_homo_26.eb.ldg.part.reanalysis 1.000173 54.533539% 2118075.000000 181324.990000 46736592.000000 2299398.175000
heter_config_26_11_cpu.soc-LiveJournal_homo_26.eb.hash.part.reanalysis 1.017008 96.872869% 1714710.000000 44273.625000 43858747.000000 1758983.625000
heter_config_26_11_cpu.soc-LiveJournal_homo_26.eb.ldg.part.pr10.reanalysis 1.000173 54.533539% 2118075.000000 82420.450000 46736592.000000 2200494.625000
heter_config_26_11_cpu.soc-LiveJournal_homo_26.eb.ldg.part.reanalysis 1.000173 54.533539% 2118075.000000 82420.450000 46736592.000000 2200494.625000
heter_config_26_11_io.soc-LiveJournal_homo_26.eb.hash.part.reanalysis 1.017008 96.872869% 1714710.000000 44273.625000 43858747.000000 1758983.625000
heter_config_26_11_io.soc-LiveJournal_homo_26.eb.ldg.part.pr10.reanalysis 1.000173 54.533539% 2118075.000000 82420.450000 46736592.000000 2200494.625000
heter_config_26_11_io.soc-LiveJournal_homo_26.eb.ldg.part.reanalysis 1.000173 54.533539% 2118075.000000 82420.450000 46736592.000000 2200494.625000
heter_config_26_13_cpu_io.soc-LiveJournal_homo_26.eb.hash.part.reanalysis 1.017008 96.872869% 50809080.000000 63138.097395 1084529870.000000 50872218.097395
heter_config_26_13_cpu_io.soc-LiveJournal_homo_26.eb.ldg.part.pr10.reanalysis 1.000173 54.533539% 63542250.000000 119051.394798 1167707200.000000 63661300.203135
heter_config_26_13_cpu_io.soc-LiveJournal_homo_26.eb.ldg.part.reanalysis 1.000173 54.533539% 63542250.000000 119051.394798 1167707200.000000 63661300.203135
heter_config_26_13_io.soc-LiveJournal_homo_26.eb.hash.part.reanalysis 1.017008 96.872869% 50809080.000000 44273.625000 1084529870.000000 50852791.125000
heter_config_26_13_io.soc-LiveJournal_homo_26.eb.ldg.part.pr10.reanalysis 1.000173 54.533539% 63542250.000000 82420.450000 1167707200.000000 63624669.625000
heter_config_26_13_io.soc-LiveJournal_homo_26.eb.ldg.part.reanalysis 1.000173 54.533539% 63542250.000000 82420.450000 1167707200.000000 63624669.625000
heter_config_26_15_io.soc-LiveJournal_homo_26.eb.hash.part.reanalysis 1.017008 96.872869% 84681800.000000 44273.625000 1730472270.000000 84725511.125000
heter_config_26_15_io.soc-LiveJournal_homo_26.eb.ldg.part.pr10.reanalysis 1.000173 54.533539% 105903750.000000 82420.450000 1868048480.000000 105986169.625000
heter_config_26_15_io.soc-LiveJournal_homo_26.eb.ldg.part.reanalysis 1.000173 54.533539% 105903750.000000 82420.450000 1868048480.000000 105986169.625000
heter_config_4_13_cpu_io.soc-LiveJournal_homo_4.eb.hash.part.reanalysis 1.002544 77.388626% 262920930.000000 408871.961373 930909550.000000 263329801.961373
heter_config_4_13_cpu_io.soc-LiveJournal_homo_4.eb.ldg.part.pr10.reanalysis 1.000030 34.235105% 242567040.000000 773723.385972 809773080.000000 243340763.385972
heter_config_4_13_cpu_io.soc-LiveJournal_homo_4.eb.ldg.part.reanalysis 1.000030 34.235105% 242567040.000000 773723.385972 809773080.000000 243340763.385972
heter_config_8_13_cpu_io.soc-LiveJournal_homo_8.eb.hash.part.reanalysis 1.002565 89.109919% 151627890.000000 204879.116823 1028519910.000000 151832769.116823
heter_config_8_13_cpu_io.soc-LiveJournal_homo_8.eb.ldg.part.pr10.reanalysis 1.000055 47.537171% 153879360.000000 386853.134679 1030560200.000000 154266210.787464
heter_config_8_13_cpu_io.soc-LiveJournal_homo_8.eb.ldg.part.reanalysis 1.000055 47.537171% 153879360.000000 386853.134679 1030560200.000000 154266210.787464
