amazon_undir_heter_config_26_11_cpu_io.eb.hiob.6.0.001.1.0.result 1.216530 44.479075% 2024880.000000 219899.000000 48530360.000000 2232992.026320
amazon_undir_heter_config_26_11_cpu_io.eb.hiob.6.0.001.10.result 1.215972 47.452688% 2153220.000000 219798.000000 52986920.000000 20115929.000000
amazon_undir_heter_config_26_11_cpu_io.eb.hiob.6.0.001..1.result 1.137984 43.729757% 2163180.000000 238491.488400 49100560.000000 451689.488400
amazon_undir_heter_config_26_11_cpu_io.eb.hiob.6.0.001.1.result 1.216530 44.479075% 2024880.000000 219899.000000 48530360.000000 2232992.026320
amazon_undir_heter_config_26_11_cpu_io.eb.hiob.6.0.001..2.result 1.163930 44.097948% 2120040.000000 236092.273560 49006120.000000 657070.273560
amazon_undir_heter_config_26_11_cpu_io.eb.hiob.6.0.001.2.result 1.215546 44.620572% 2038920.000000 219721.000000 48653060.000000 3725325.000000
amazon_undir_heter_config_26_11_cpu_io.eb.hiob.6.0.001..3.result 1.184128 44.047051% 2097390.000000 230926.956120 48647880.000000 837602.201400
amazon_undir_heter_config_26_11_cpu_io.eb.hiob.6.0.001.3.result 1.233077 45.157539% 2030550.000000 222890.000000 49224580.000000 5509378.000000
amazon_undir_heter_config_26_11_cpu_io.eb.hiob.6.0.001..4.result 1.212420 44.141950% 2078250.000000 224568.531240 48641520.000000 1046707.207560
amazon_undir_heter_config_26_11_cpu_io.eb.hiob.6.0.001.4.result 1.222599 45.565817% 2050470.000000 220996.000000 49880140.000000 7709330.000000
amazon_undir_heter_config_26_11_cpu_io.eb.hiob.6.0.001..5.result 1.195270 44.408944% 2080920.000000 226277.303760 48724040.000000 1232229.560760
amazon_undir_heter_config_26_11_cpu_io.eb.hiob.6.0.001.5.result 1.223208 45.883111% 2074770.000000 221106.000000 50418100.000000 9992067.000000
amazon_undir_heter_config_26_11_cpu_io.eb.hiob.6.0.001..6.result 1.207375 44.267957% 2054550.000000 221584.318200 48475540.000000 1412904.780840
amazon_undir_heter_config_26_11_cpu_io.eb.hiob.6.0.001.6.result 1.224928 46.144870% 2104890.000000 221417.000000 50841080.000000 11594263.000000
amazon_undir_heter_config_26_11_cpu_io.eb.hiob.6.0.001..7.result 1.212132 44.251914% 2044380.000000 219104.000000 48424120.000000 1629119.112360
amazon_undir_heter_config_26_11_cpu_io.eb.hiob.6.0.001.7.result 1.216304 46.745202% 2122350.000000 219858.000000 51611540.000000 13760183.000000
amazon_undir_heter_config_26_11_cpu_io.eb.hiob.6.0.001..8.result 1.217316 44.470224% 2022960.000000 220041.000000 48564640.000000 1831928.454000
amazon_undir_heter_config_26_11_cpu_io.eb.hiob.6.0.001.8.result 1.224718 46.874613% 2121180.000000 221379.000000 51947600.000000 15810440.000000
amazon_undir_heter_config_26_11_cpu_io.eb.hiob.6.0.001..9.result 1.217537 44.522227% 2032800.000000 220081.000000 48594640.000000 2007525.784080
amazon_undir_heter_config_26_11_cpu_io.eb.hiob.6.0.001.9.result 1.214716 47.443836% 2150670.000000 219571.000000 52660040.000000 17619553.000000
amazon_undir_heter_config_26_11_cpu_io.eb.hiob.6.0.01.1.0.result 1.190236 45.748635% 2137350.000000 230671.290240 50321220.000000 2367245.625960
amazon_undir_heter_config_26_11_cpu_io.eb.hiob.6.0.01.10.result 1.183381 50.000660% 2245560.000000 218900.548680 55139360.000000 20406154.000000
amazon_undir_heter_config_26_11_cpu_io.eb.hiob.6.0.01..1.result 1.116740 45.453385% 2220780.000000 248254.458360 50573260.000000 459879.264600
amazon_undir_heter_config_26_11_cpu_io.eb.hiob.6.0.01.1.result 1.190236 45.748635% 2137350.000000 230671.290240 50321220.000000 2367245.625960
amazon_undir_heter_config_26_11_cpu_io.eb.hiob.6.0.01..2.result 1.180344 45.226649% 2215230.000000 241916.255640 50291220.000000 665528.390640
amazon_undir_heter_config_26_11_cpu_io.eb.hiob.6.0.01.2.result 1.170641 46.107719% 2138730.000000 226551.747360 50620540.000000 3737468.000000
amazon_undir_heter_config_26_11_cpu_io.eb.hiob.6.0.01..3.result 1.147555 45.308355% 2184930.000000 240980.258520 50383420.000000 877152.391320
amazon_undir_heter_config_26_11_cpu_io.eb.hiob.6.0.01.3.result 1.178115 46.669368% 2148480.000000 225426.528600 51175220.000000 5641569.000000
amazon_undir_heter_config_26_11_cpu_io.eb.hiob.6.0.01..4.result 1.156998 45.590499% 2212470.000000 240646.592880 50477740.000000 1092213.051360
amazon_undir_heter_config_26_11_cpu_io.eb.hiob.6.0.01.4.result 1.186236 47.199695% 2150160.000000 223108.202400 51780860.000000 7644551.000000
amazon_undir_heter_config_26_11_cpu_io.eb.hiob.6.0.01..5.result 1.157236 45.430873% 2175630.000000 235916.051880 50313680.000000 1277027.504520
amazon_undir_heter_config_26_11_cpu_io.eb.hiob.6.0.01.5.result 1.178314 47.458433% 2189760.000000 221851.539600 52095340.000000 9361141.000000
amazon_undir_heter_config_26_11_cpu_io.eb.hiob.6.0.01..6.result 1.173030 45.404999% 2173290.000000 234252.057000 50301360.000000 1530328.623840
amazon_undir_heter_config_26_11_cpu_io.eb.hiob.6.0.01.6.result 1.181816 48.135109% 2191380.000000 222453.871080 52771440.000000 11624723.000000
amazon_undir_heter_config_26_11_cpu_io.eb.hiob.6.0.01..7.result 1.160970 45.372402% 2148270.000000 236891.048880 50204200.000000 1731241.298400
amazon_undir_heter_config_26_11_cpu_io.eb.hiob.6.0.01.7.result 1.176709 48.542493% 2234790.000000 220886.653680 53402100.000000 14188440.000000
amazon_undir_heter_config_26_11_cpu_io.eb.hiob.6.0.01..8.result 1.160589 45.731145% 2158350.000000 234288.168000 50493000.000000 1926332.848560
amazon_undir_heter_config_26_11_cpu_io.eb.hiob.6.0.01.8.result 1.185478 48.970134% 2227470.000000 220596.321240 53979880.000000 15859739.000000
amazon_undir_heter_config_26_11_cpu_io.eb.hiob.6.0.01..9.result 1.180305 45.772211% 2178990.000000 231852.842160 50478100.000000 2186035.085640
amazon_undir_heter_config_26_11_cpu_io.eb.hiob.6.0.01.9.result 1.190562 49.438288% 2226330.000000 220264.100040 54520100.000000 18323037.000000
amazon_undir_heter_config_26_11_cpu_io.eb.hiob.6.0.1.1.0.result 1.107147 54.549849% 2419920.000000 242748.253080 57095800.000000 2654320.834320
amazon_undir_heter_config_26_11_cpu_io.eb.hiob.6.0.1.10.result 1.155134 65.304917% 2639280.000000 225316.751160 66508360.000000 25358583.000000
amazon_undir_heter_config_26_11_cpu_io.eb.hiob.6.0.1..1.result 1.057673 53.248330% 2497290.000000 256996.209240 56809840.000000 499099.664040
amazon_undir_heter_config_26_11_cpu_io.eb.hiob.6.0.1.1.result 0 0 0 0 0 0
amazon_undir_heter_config_26_11_cpu_io.eb.hiob.6.0.1..2.result 1.079420 53.567071% 2493060.000000 254823.771480 57018960.000000 738245.338200
amazon_undir_heter_config_26_11_cpu_io.eb.hiob.6.0.1.2.result 1.141624 55.838772% 2398980.000000 236888.160000 57920280.000000 4408821.000000
amazon_undir_heter_config_26_11_cpu_io.eb.hiob.6.0.1..3.result 1.081871 53.613882% 2431530.000000 252475.112040 56895760.000000 974633.904360
amazon_undir_heter_config_26_11_cpu_io.eb.hiob.6.0.1.3.result 1.137314 57.065224% 2395470.000000 234845.721840 58741000.000000 6587540.000000
amazon_undir_heter_config_26_11_cpu_io.eb.hiob.6.0.1..4.result 1.099557 53.794871% 2455890.000000 249973.341960 57005620.000000 1227747.346680
amazon_undir_heter_config_26_11_cpu_io.eb.hiob.6.0.1.4.result 1.146255 58.385510% 2418810.000000 231803.731200 59881420.000000 9035935.000000
amazon_undir_heter_config_26_11_cpu_io.eb.hiob.6.0.1..5.result 1.099424 53.973434% 2431560.000000 247353.127800 56917940.000000 1452672.586200
amazon_undir_heter_config_26_11_cpu_io.eb.hiob.6.0.1.5.result 1.147223 59.716903% 2456070.000000 229130.072760 61063540.000000 11497028.000000
amazon_undir_heter_config_26_11_cpu_io.eb.hiob.6.0.1..6.result 1.106760 53.919601% 2423250.000000 249463.454640 56799240.000000 1682026.260120
amazon_undir_heter_config_26_11_cpu_io.eb.hiob.6.0.1.6.result 1.148318 61.077235% 2477880.000000 228780.518280 62257660.000000 14188985.000000
amazon_undir_heter_config_26_11_cpu_io.eb.hiob.6.0.1..7.result 1.101975 54.162977% 2419980.000000 244745.913600 56956860.000000 1927477.916760
amazon_undir_heter_config_26_11_cpu_io.eb.hiob.6.0.1.7.result 1.148324 62.075205% 2516880.000000 227195.967600 63296920.000000 17030225.000000
amazon_undir_heter_config_26_11_cpu_io.eb.hiob.6.0.1..8.result 1.110367 54.325113% 2415150.000000 245270.245320 56951540.000000 2128633.368360
amazon_undir_heter_config_26_11_cpu_io.eb.hiob.6.0.1.8.result 1.151969 63.329105% 2565420.000000 226129.970880 64486100.000000 20244964.000000
amazon_undir_heter_config_26_11_cpu_io.eb.hiob.6.0.1..9.result 1.118405 54.489974% 2410530.000000 244744.469160 57091260.000000 2366538.370680
amazon_undir_heter_config_26_11_cpu_io.eb.hiob.6.0.1.9.result 1.152827 64.405803% 2588160.000000 225302.306760 65587640.000000 22167124.000000
